build/app/intermediates/manifest_merge_blame_file/debug/manifest-merger-blame-debug-report.txt
1<?xml version="1.0" encoding="utf-8"?>
2<manifest xmlns:android="http://schemas.android.com/apk/res/android"
3    package="com.example.tawselaa_app"
4    android:versionCode="1"
5    android:versionName="1.0.0" >
6
7    <uses-sdk
7-->src\main\AndroidManifest.xml:14:5-16:41
8        android:minSdkVersion="21"
8-->src\main\AndroidManifest.xml:15:9-34
9        android:targetSdkVersion="28" />
9-->src\main\AndroidManifest.xml:16:9-38
10    <!--
11         Flutter needs it to communicate with the running application
12         to allow setting breakpoints, to provide hot reload, etc.
13    -->
14    <uses-permission android:name="android.permission.INTERNET" />
14-->src\main\AndroidManifest.xml:8:5-67
14-->src\main\AndroidManifest.xml:8:22-64
15    <uses-permission android:name="android.permission.ACCESS_COARSE_LOCATION" />
15-->src\main\AndroidManifest.xml:3:5-81
15-->src\main\AndroidManifest.xml:3:22-78
16    <uses-permission android:name="android.permission.ACCESS_FINE_LOCATION" />
16-->src\main\AndroidManifest.xml:4:5-79
16-->src\main\AndroidManifest.xml:4:22-76
17    <uses-permission android:name="android.permission.FOREGROUND_SERVICE" />
17-->src\main\AndroidManifest.xml:5:5-77
17-->src\main\AndroidManifest.xml:5:22-74
18    <uses-permission android:name="android.permission.ACCESS_BACKGROUND_LOCATION" />
18-->src\main\AndroidManifest.xml:6:5-85
18-->src\main\AndroidManifest.xml:6:22-82
19    <uses-permission android:name="com.mapgenius.googlemaps.permission.MAPS_RECEIVE" />
19-->src\main\AndroidManifest.xml:7:5-88
19-->src\main\AndroidManifest.xml:7:22-85
20    <uses-permission android:name="android.permission.ACCESS_NETWORK_STATE" />
20-->src\main\AndroidManifest.xml:9:5-79
20-->src\main\AndroidManifest.xml:9:22-76
21    <uses-permission android:name="android.permission.WRITE_EXTERNAL_STORAGE" />
21-->src\main\AndroidManifest.xml:10:5-81
21-->src\main\AndroidManifest.xml:10:22-78
22    <uses-permission android:name="com.google.android.providers.gsf.permission.READ_GSERVICES" />
22-->src\main\AndroidManifest.xml:11:5-98
22-->src\main\AndroidManifest.xml:11:22-95
23    <uses-permission android:name="android.permission.ACCESS_GPS" />
23-->src\main\AndroidManifest.xml:12:5-69
23-->src\main\AndroidManifest.xml:12:22-66
24    <uses-permission android:name="android.permission.ACCESS_LOCATION" />
24-->src\main\AndroidManifest.xml:13:5-74
24-->src\main\AndroidManifest.xml:13:22-71
25
26    <uses-feature
26-->src\main\AndroidManifest.xml:18:5-20:35
27        android:glEsVersion="0x00020000"
27-->src\main\AndroidManifest.xml:19:9-41
28        android:required="true" />
28-->src\main\AndroidManifest.xml:20:9-32
29
30    <uses-permission android:name="android.permission.WAKE_LOCK" />
30-->[com.google.android.gms:play-services-measurement-api:20.1.2] AndroidManifest.xml:24:5-68
30-->[com.google.android.gms:play-services-measurement-api:20.1.2] AndroidManifest.xml:24:22-65
31    <uses-permission android:name="com.google.android.gms.permission.AD_ID" />
31-->[com.google.android.gms:play-services-measurement-api:20.1.2] AndroidManifest.xml:25:5-79
31-->[com.google.android.gms:play-services-measurement-api:20.1.2] AndroidManifest.xml:25:22-76
32    <uses-permission android:name="com.google.android.finsky.permission.BIND_GET_INSTALL_REFERRER_SERVICE" />
32-->[com.google.android.gms:play-services-measurement:20.1.2] AndroidManifest.xml:26:5-110
32-->[com.google.android.gms:play-services-measurement:20.1.2] AndroidManifest.xml:26:22-107
33
34    <application
35        android:name="android.app.Application"
36        android:allowBackup="true"
37        android:appComponentFactory="androidx.core.app.CoreComponentFactory"
37-->[androidx.core:core:1.6.0] AndroidManifest.xml:24:18-86
38        android:debuggable="true"
39        android:icon="@mipmap/ic_launcher"
40        android:label="tawselaa_app" >
41        <activity
42            android:name="com.example.tawselaa_app.MainActivity"
43            android:configChanges="orientation|keyboardHidden|keyboard|screenSize|smallestScreenSize|locale|layoutDirection|fontScale|screenLayout|density|uiMode"
44            android:exported="true"
45            android:hardwareAccelerated="true"
46            android:launchMode="singleTop"
47            android:theme="@style/LaunchTheme"
48            android:windowSoftInputMode="adjustResize" >
49            <meta-data
50                android:name="io.flutter.embedding.android.NormalTheme"
51                android:resource="@style/NormalTheme" />
52
53            <!--
54                 Specifies an Android theme to apply to this Activity as soon as
55                 the Android process has started. This theme is visible to the user
56                 while the Flutter UI initializes. After that, this theme continues
57                 to determine the Window background behind the Flutter UI.
58            -->
59
60            <intent-filter>
61                <action android:name="android.intent.action.MAIN" />
62
63                <category android:name="android.intent.category.LAUNCHER" />
64            </intent-filter>
65        </activity>
66        <!--
67             Don't delete the meta-data below.
68             This is used by the Flutter tool to generate GeneratedPluginRegistrant.java
69        -->
70        <meta-data
71            android:name="flutterEmbedding"
72            android:value="2" />
73
74        <service
74-->[:firebase_auth] AndroidManifest.xml:10:9-14:19
75            android:name="com.google.firebase.components.ComponentDiscoveryService"
75-->[:firebase_auth] AndroidManifest.xml:10:18-89
76            android:directBootAware="true"
76-->[com.google.firebase:firebase-common:20.1.0] AndroidManifest.xml:35:13-43
77            android:exported="false" >
77-->[com.google.firebase:firebase-analytics-ktx:20.1.2] AndroidManifest.xml:10:13-37
78            <meta-data
78-->[:firebase_auth] AndroidManifest.xml:11:13-13:85
79                android:name="com.google.firebase.components:io.flutter.plugins.firebase.auth.FlutterFirebaseAuthRegistrar"
79-->[:firebase_auth] AndroidManifest.xml:12:17-124
80                android:value="com.google.firebase.components.ComponentRegistrar" />
80-->[:firebase_auth] AndroidManifest.xml:13:17-82
81            <meta-data
81-->[:firebase_database] AndroidManifest.xml:11:13-13:85
82                android:name="com.google.firebase.components:io.flutter.plugins.firebase.database.FlutterFirebaseAppRegistrar"
82-->[:firebase_database] AndroidManifest.xml:12:17-127
83                android:value="com.google.firebase.components.ComponentRegistrar" />
83-->[:firebase_database] AndroidManifest.xml:13:17-82
84            <meta-data
84-->[:cloud_firestore] AndroidManifest.xml:11:13-13:85
85                android:name="com.google.firebase.components:io.flutter.plugins.firebase.firestore.FlutterFirebaseFirestoreRegistrar"
85-->[:cloud_firestore] AndroidManifest.xml:12:17-134
86                android:value="com.google.firebase.components.ComponentRegistrar" />
86-->[:cloud_firestore] AndroidManifest.xml:13:17-82
87            <meta-data
87-->[:firebase_core] AndroidManifest.xml:11:13-13:85
88                android:name="com.google.firebase.components:io.flutter.plugins.firebase.core.FlutterFirebaseCoreRegistrar"
88-->[:firebase_core] AndroidManifest.xml:12:17-124
89                android:value="com.google.firebase.components.ComponentRegistrar" />
89-->[:firebase_core] AndroidManifest.xml:13:17-82
90            <meta-data
90-->[com.google.firebase:firebase-analytics-ktx:20.1.2] AndroidManifest.xml:11:13-13:85
91                android:name="com.google.firebase.components:com.google.firebase.analytics.ktx.FirebaseAnalyticsKtxRegistrar"
91-->[com.google.firebase:firebase-analytics-ktx:20.1.2] AndroidManifest.xml:12:17-126
92                android:value="com.google.firebase.components.ComponentRegistrar" />
92-->[com.google.firebase:firebase-analytics-ktx:20.1.2] AndroidManifest.xml:13:17-82
93            <meta-data
93-->[com.google.firebase:firebase-common-ktx:20.1.0] AndroidManifest.xml:15:13-17:85
94                android:name="com.google.firebase.components:com.google.firebase.ktx.FirebaseCommonKtxRegistrar"
94-->[com.google.firebase:firebase-common-ktx:20.1.0] AndroidManifest.xml:16:17-113
95                android:value="com.google.firebase.components.ComponentRegistrar" />
95-->[com.google.firebase:firebase-common-ktx:20.1.0] AndroidManifest.xml:17:17-82
96            <meta-data
96-->[com.google.firebase:firebase-auth:21.0.3] AndroidManifest.xml:67:13-69:85
97                android:name="com.google.firebase.components:com.google.firebase.auth.FirebaseAuthRegistrar"
97-->[com.google.firebase:firebase-auth:21.0.3] AndroidManifest.xml:68:17-109
98                android:value="com.google.firebase.components.ComponentRegistrar" />
98-->[com.google.firebase:firebase-auth:21.0.3] AndroidManifest.xml:69:17-82
99            <meta-data
99-->[com.google.firebase:firebase-firestore:24.1.1] AndroidManifest.xml:20:13-22:85
100                android:name="com.google.firebase.components:com.google.firebase.firestore.FirestoreRegistrar"
100-->[com.google.firebase:firebase-firestore:24.1.1] AndroidManifest.xml:21:17-111
101                android:value="com.google.firebase.components.ComponentRegistrar" />
101-->[com.google.firebase:firebase-firestore:24.1.1] AndroidManifest.xml:22:17-82
102            <meta-data
102-->[com.google.firebase:firebase-database:20.0.4] AndroidManifest.xml:32:13-34:85
103                android:name="com.google.firebase.components:com.google.firebase.database.DatabaseRegistrar"
103-->[com.google.firebase:firebase-database:20.0.4] AndroidManifest.xml:33:17-109
104                android:value="com.google.firebase.components.ComponentRegistrar" />
104-->[com.google.firebase:firebase-database:20.0.4] AndroidManifest.xml:34:17-82
105            <meta-data
105-->[com.google.android.gms:play-services-measurement-api:20.1.2] AndroidManifest.xml:31:13-33:85
106                android:name="com.google.firebase.components:com.google.firebase.analytics.connector.internal.AnalyticsConnectorRegistrar"
106-->[com.google.android.gms:play-services-measurement-api:20.1.2] AndroidManifest.xml:32:17-139
107                android:value="com.google.firebase.components.ComponentRegistrar" />
107-->[com.google.android.gms:play-services-measurement-api:20.1.2] AndroidManifest.xml:33:17-82
108            <meta-data
108-->[com.google.firebase:firebase-installations:17.0.1] AndroidManifest.xml:18:13-20:85
109                android:name="com.google.firebase.components:com.google.firebase.installations.FirebaseInstallationsRegistrar"
109-->[com.google.firebase:firebase-installations:17.0.1] AndroidManifest.xml:19:17-127
110                android:value="com.google.firebase.components.ComponentRegistrar" />
110-->[com.google.firebase:firebase-installations:17.0.1] AndroidManifest.xml:20:17-82
111        </service>
112
113        <uses-library
113-->[androidx.window:window:1.0.0-beta04] AndroidManifest.xml:25:9-27:40
114            android:name="androidx.window.extensions"
114-->[androidx.window:window:1.0.0-beta04] AndroidManifest.xml:26:13-54
115            android:required="false" />
115-->[androidx.window:window:1.0.0-beta04] AndroidManifest.xml:27:13-37
116        <uses-library
116-->[androidx.window:window:1.0.0-beta04] AndroidManifest.xml:28:9-30:40
117            android:name="androidx.window.sidecar"
117-->[androidx.window:window:1.0.0-beta04] AndroidManifest.xml:29:13-51
118            android:required="false" />
118-->[androidx.window:window:1.0.0-beta04] AndroidManifest.xml:30:13-37
119
120        <activity
120-->[com.google.firebase:firebase-auth:21.0.3] AndroidManifest.xml:27:9-44:20
121            android:name="com.google.firebase.auth.internal.GenericIdpActivity"
121-->[com.google.firebase:firebase-auth:21.0.3] AndroidManifest.xml:28:13-80
122            android:excludeFromRecents="true"
122-->[com.google.firebase:firebase-auth:21.0.3] AndroidManifest.xml:29:13-46
123            android:exported="true"
123-->[com.google.firebase:firebase-auth:21.0.3] AndroidManifest.xml:30:13-36
124            android:launchMode="singleTask"
124-->[com.google.firebase:firebase-auth:21.0.3] AndroidManifest.xml:31:13-44
125            android:theme="@android:style/Theme.Translucent.NoTitleBar" >
125-->[com.google.firebase:firebase-auth:21.0.3] AndroidManifest.xml:32:13-72
126            <intent-filter>
126-->[com.google.firebase:firebase-auth:21.0.3] AndroidManifest.xml:33:13-43:29
127                <action android:name="android.intent.action.VIEW" />
127-->[com.google.firebase:firebase-auth:21.0.3] AndroidManifest.xml:34:17-69
127-->[com.google.firebase:firebase-auth:21.0.3] AndroidManifest.xml:34:25-66
128
129                <category android:name="android.intent.category.DEFAULT" />
129-->[com.google.firebase:firebase-auth:21.0.3] AndroidManifest.xml:36:17-76
129-->[com.google.firebase:firebase-auth:21.0.3] AndroidManifest.xml:36:27-73
130                <category android:name="android.intent.category.BROWSABLE" />
130-->[com.google.firebase:firebase-auth:21.0.3] AndroidManifest.xml:37:17-78
130-->[com.google.firebase:firebase-auth:21.0.3] AndroidManifest.xml:37:27-75
131
132                <data
132-->[com.google.firebase:firebase-auth:21.0.3] AndroidManifest.xml:39:17-42:51
133                    android:host="firebase.auth"
133-->[com.google.firebase:firebase-auth:21.0.3] AndroidManifest.xml:40:21-49
134                    android:path="/"
134-->[com.google.firebase:firebase-auth:21.0.3] AndroidManifest.xml:41:21-37
135                    android:scheme="genericidp" />
135-->[com.google.firebase:firebase-auth:21.0.3] AndroidManifest.xml:42:21-48
136            </intent-filter>
137        </activity>
138        <activity
138-->[com.google.firebase:firebase-auth:21.0.3] AndroidManifest.xml:45:9-62:20
139            android:name="com.google.firebase.auth.internal.RecaptchaActivity"
139-->[com.google.firebase:firebase-auth:21.0.3] AndroidManifest.xml:46:13-79
140            android:excludeFromRecents="true"
140-->[com.google.firebase:firebase-auth:21.0.3] AndroidManifest.xml:47:13-46
141            android:exported="true"
141-->[com.google.firebase:firebase-auth:21.0.3] AndroidManifest.xml:48:13-36
142            android:launchMode="singleTask"
142-->[com.google.firebase:firebase-auth:21.0.3] AndroidManifest.xml:49:13-44
143            android:theme="@android:style/Theme.Translucent.NoTitleBar" >
143-->[com.google.firebase:firebase-auth:21.0.3] AndroidManifest.xml:50:13-72
144            <intent-filter>
144-->[com.google.firebase:firebase-auth:21.0.3] AndroidManifest.xml:51:13-61:29
145                <action android:name="android.intent.action.VIEW" />
145-->[com.google.firebase:firebase-auth:21.0.3] AndroidManifest.xml:34:17-69
145-->[com.google.firebase:firebase-auth:21.0.3] AndroidManifest.xml:34:25-66
146
147                <category android:name="android.intent.category.DEFAULT" />
147-->[com.google.firebase:firebase-auth:21.0.3] AndroidManifest.xml:36:17-76
147-->[com.google.firebase:firebase-auth:21.0.3] AndroidManifest.xml:36:27-73
148                <category android:name="android.intent.category.BROWSABLE" />
148-->[com.google.firebase:firebase-auth:21.0.3] AndroidManifest.xml:37:17-78
148-->[com.google.firebase:firebase-auth:21.0.3] AndroidManifest.xml:37:27-75
149
150                <data
150-->[com.google.firebase:firebase-auth:21.0.3] AndroidManifest.xml:39:17-42:51
151                    android:host="firebase.auth"
151-->[com.google.firebase:firebase-auth:21.0.3] AndroidManifest.xml:40:21-49
152                    android:path="/"
152-->[com.google.firebase:firebase-auth:21.0.3] AndroidManifest.xml:41:21-37
153                    android:scheme="recaptcha" />
153-->[com.google.firebase:firebase-auth:21.0.3] AndroidManifest.xml:42:21-48
154            </intent-filter>
155        </activity>
156
157        <provider
157-->[com.google.firebase:firebase-common:20.1.0] AndroidManifest.xml:26:9-31:39
158            android:name="com.google.firebase.provider.FirebaseInitProvider"
158-->[com.google.firebase:firebase-common:20.1.0] AndroidManifest.xml:27:13-77
159            android:authorities="com.example.tawselaa_app.firebaseinitprovider"
159-->[com.google.firebase:firebase-common:20.1.0] AndroidManifest.xml:28:13-72
160            android:directBootAware="true"
160-->[com.google.firebase:firebase-common:20.1.0] AndroidManifest.xml:29:13-43
161            android:exported="false"
161-->[com.google.firebase:firebase-common:20.1.0] AndroidManifest.xml:30:13-37
162            android:initOrder="100" /> <!-- Needs to be explicitly declared on P+ -->
162-->[com.google.firebase:firebase-common:20.1.0] AndroidManifest.xml:31:13-36
163        <uses-library
163-->[com.google.android.gms:play-services-maps:17.0.0] AndroidManifest.xml:33:9-35:40
164            android:name="org.apache.http.legacy"
164-->[com.google.android.gms:play-services-maps:17.0.0] AndroidManifest.xml:34:13-50
165            android:required="false" />
165-->[com.google.android.gms:play-services-maps:17.0.0] AndroidManifest.xml:35:13-37
166
167        <activity
167-->[com.google.android.gms:play-services-base:18.0.1] AndroidManifest.xml:20:9-22:45
168            android:name="com.google.android.gms.common.api.GoogleApiActivity"
168-->[com.google.android.gms:play-services-base:18.0.1] AndroidManifest.xml:20:19-85
169            android:exported="false"
169-->[com.google.android.gms:play-services-base:18.0.1] AndroidManifest.xml:22:19-43
170            android:theme="@android:style/Theme.Translucent.NoTitleBar" />
170-->[com.google.android.gms:play-services-base:18.0.1] AndroidManifest.xml:21:19-78
171
172        <receiver
172-->[com.google.android.gms:play-services-measurement:20.1.2] AndroidManifest.xml:29:9-33:20
173            android:name="com.google.android.gms.measurement.AppMeasurementReceiver"
173-->[com.google.android.gms:play-services-measurement:20.1.2] AndroidManifest.xml:30:13-85
174            android:enabled="true"
174-->[com.google.android.gms:play-services-measurement:20.1.2] AndroidManifest.xml:31:13-35
175            android:exported="false" >
175-->[com.google.android.gms:play-services-measurement:20.1.2] AndroidManifest.xml:32:13-37
176        </receiver>
177
178        <service
178-->[com.google.android.gms:play-services-measurement:20.1.2] AndroidManifest.xml:35:9-38:40
179            android:name="com.google.android.gms.measurement.AppMeasurementService"
179-->[com.google.android.gms:play-services-measurement:20.1.2] AndroidManifest.xml:36:13-84
180            android:enabled="true"
180-->[com.google.android.gms:play-services-measurement:20.1.2] AndroidManifest.xml:37:13-35
181            android:exported="false" />
181-->[com.google.android.gms:play-services-measurement:20.1.2] AndroidManifest.xml:38:13-37
182        <service
182-->[com.google.android.gms:play-services-measurement:20.1.2] AndroidManifest.xml:39:9-43:72
183            android:name="com.google.android.gms.measurement.AppMeasurementJobService"
183-->[com.google.android.gms:play-services-measurement:20.1.2] AndroidManifest.xml:40:13-87
184            android:enabled="true"
184-->[com.google.android.gms:play-services-measurement:20.1.2] AndroidManifest.xml:41:13-35
185            android:exported="false"
185-->[com.google.android.gms:play-services-measurement:20.1.2] AndroidManifest.xml:42:13-37
186            android:permission="android.permission.BIND_JOB_SERVICE" />
186-->[com.google.android.gms:play-services-measurement:20.1.2] AndroidManifest.xml:43:13-69
187
188        <meta-data
188-->[com.google.android.gms:play-services-basement:18.0.0] AndroidManifest.xml:21:9-23:69
189            android:name="com.google.android.gms.version"
189-->[com.google.android.gms:play-services-basement:18.0.0] AndroidManifest.xml:22:13-58
190            android:value="@integer/google_play_services_version" />
190-->[com.google.android.gms:play-services-basement:18.0.0] AndroidManifest.xml:23:13-66
191    </application>
192
193</manifest>